21:02:18,085 (AWT-EventQueue-0) DEBUG [DataNucleus.Persistence] - ExecutionContext OPENED "org.datanucleus.ExecutionContextImpl@62501716" for datastore "org.datanucleus.store.rdbms.RDBMSStoreManager@583aaa86" with txn="org.datanucleus.TransactionImpl@44da9062"
21:02:18,086 (AWT-EventQueue-0) DEBUG [DataNucleus.Transaction] - Transaction created [DataNucleus Transaction, ID=-1813977308-2, enlisted resources=[]]
21:02:18,086 (AWT-EventQueue-0) DEBUG [DataNucleus.Transaction] - Transaction begun for ExecutionContext org.datanucleus.ExecutionContextImpl@62501716 (optimistic=false)
21:02:18,086 (AWT-EventQueue-0) DEBUG [DataNucleus.Query] - SQL Query : "INSERT INTO Usuario( login, palabra_Clave, rol, nombre, tipo_Doc_Identificacion, numero_Doc_Identificacion, direccion_Fisica, direccion_Electronica, telefono, nacionalidad, ciudad, departamento, codigo_Postal, bancAndes) values (?, ?, ?, ?, ?, ?, ?, ?, ?, ?, ?, ?, ?, ?)"
21:02:18,086 (AWT-EventQueue-0) DEBUG [DataNucleus.Connection] - ManagedConnection OPENED : "org.datanucleus.store.rdbms.ConnectionFactoryImpl$ManagedConnectionImpl@25438bce [conn=org.datanucleus.store.rdbms.datasource.dbcp2.PoolingDataSource$PoolGuardConnectionWrapper@358a4684, commitOnRelease=false, closeOnRelease=false, closeOnTxnEnd=true]" on resource "tx" with isolation level "read-committed" and auto-commit=false
21:02:18,086 (AWT-EventQueue-0) DEBUG [DataNucleus.Transaction] - Running enlist operation on resource: org.datanucleus.store.rdbms.ConnectionFactoryImpl$EmulatedXAResource@38ed84a0, error code TMNOFLAGS and transaction [DataNucleus Transaction, ID=-1813977308-2, enlisted resources=[]]
21:02:18,087 (AWT-EventQueue-0) DEBUG [DataNucleus.Datastore] - Using PreparedStatement "org.datanucleus.store.rdbms.ParamLoggingPreparedStatement@8edb2cb" for connection "org.datanucleus.store.rdbms.datasource.dbcp2.PoolingDataSource$PoolGuardConnectionWrapper@358a4684"
21:02:18,087 (AWT-EventQueue-0) DEBUG [DataNucleus.Datastore.Native] - INSERT INTO Usuario( login, palabra_Clave, rol, nombre, tipo_Doc_Identificacion, numero_Doc_Identificacion, direccion_Fisica, direccion_Electronica, telefono, nacionalidad, ciudad, departamento, codigo_Postal, bancAndes) values (<'xa'>, <'x'>, <'Cliente'>, <'x'>, <'C.C.'>, <1009>, <'x'>, <'x'>, <1099>, <'x'>, <'x'>, <'x'>, <1009>, <'BancAndes'>)
21:06:45,161 (AWT-EventQueue-0) DEBUG [DataNucleus.Datastore.Persist] - SQL Execution Time = 267074 ms (number of rows = 1) on PreparedStatement "org.datanucleus.store.rdbms.ParamLoggingPreparedStatement@8edb2cb"
21:06:45,161 (AWT-EventQueue-0) DEBUG [DataNucleus.Datastore] - Closing PreparedStatement "org.datanucleus.store.rdbms.ParamLoggingPreparedStatement@8edb2cb"
21:06:45,165 (AWT-EventQueue-0) DEBUG [DataNucleus.Transaction] - Transaction committing for ExecutionContext org.datanucleus.ExecutionContextImpl@62501716
21:06:45,165 (AWT-EventQueue-0) DEBUG [DataNucleus.Persistence] - ExecutionContext.internalFlush() START : using ordered flush - 0 enlisted objects
21:06:45,187 (AWT-EventQueue-0) DEBUG [DataNucleus.Persistence] - ExecutionContext.internalFlush() END
21:06:45,187 (AWT-EventQueue-0) DEBUG [DataNucleus.Persistence] - Persistence-By-Reachability (commit) : START
21:06:45,187 (AWT-EventQueue-0) DEBUG [DataNucleus.Persistence] - Persistence-By-Reachability (commit) : END
21:06:45,187 (AWT-EventQueue-0) DEBUG [DataNucleus.Transaction] - Committing [DataNucleus Transaction, ID=-1813977308-2, enlisted resources=[org.datanucleus.store.rdbms.ConnectionFactoryImpl$EmulatedXAResource@38ed84a0]]
21:06:45,188 (AWT-EventQueue-0) DEBUG [DataNucleus.Connection] - ManagedConnection COMMITTING : "org.datanucleus.store.rdbms.ConnectionFactoryImpl$ManagedConnectionImpl@25438bce [conn=org.datanucleus.store.rdbms.datasource.dbcp2.PoolingDataSource$PoolGuardConnectionWrapper@358a4684, commitOnRelease=false, closeOnRelease=false, closeOnTxnEnd=true]"
21:06:45,254 (AWT-EventQueue-0) DEBUG [DataNucleus.Connection] - ManagedConnection CLOSED : "org.datanucleus.store.rdbms.ConnectionFactoryImpl$ManagedConnectionImpl@25438bce [conn=org.datanucleus.store.rdbms.datasource.dbcp2.PoolingDataSource$PoolGuardConnectionWrapper@358a4684, commitOnRelease=false, closeOnRelease=false, closeOnTxnEnd=true]"
21:06:46,021 (AWT-EventQueue-0) DEBUG [DataNucleus.Transaction] - Transaction committed in 859 ms
21:06:46,022 (AWT-EventQueue-0) DEBUG [DataNucleus.Persistence] - ExecutionContext CLOSED "org.datanucleus.ExecutionContextImpl@62501716"
21:27:02,122 (main) DEBUG [DataNucleus.General] - Using PluginRegistry org.datanucleus.plugin.NonManagedPluginRegistry
21:27:02,156 (main) DEBUG [DataNucleus.General] - Registering bundle org.datanucleus.api.jdo version 5.1.7 at URL file:/D:/datos/Jessica/materias/sistemas/4to%20semestre/sisTrans/Proyecto2/bancAndes/lib/datanucleus-api-jdo-5.1.7.jar.
21:27:02,179 (main) DEBUG [DataNucleus.General] - Loading extension points and extensions from plug-in file jar:file:/D:/datos/Jessica/materias/sistemas/4to%20semestre/sisTrans/Proyecto2/bancAndes/lib/datanucleus-api-jdo-5.1.7.jar!/plugin.xml.
21:27:02,189 (main) DEBUG [DataNucleus.General] - Registering bundle org.datanucleus version 5.1.10 at URL file:/D:/datos/Jessica/materias/sistemas/4to%20semestre/sisTrans/Proyecto2/bancAndes/lib/datanucleus-core-5.1.10.jar.
21:27:02,194 (main) DEBUG [DataNucleus.General] - Loading extension points and extensions from plug-in file jar:file:/D:/datos/Jessica/materias/sistemas/4to%20semestre/sisTrans/Proyecto2/bancAndes/lib/datanucleus-core-5.1.10.jar!/plugin.xml.
21:27:02,207 (main) DEBUG [DataNucleus.General] - Registering bundle org.datanucleus.store.rdbms version 5.1.10 at URL file:/D:/datos/Jessica/materias/sistemas/4to%20semestre/sisTrans/Proyecto2/bancAndes/lib/datanucleus-rdbms-5.1.10.jar.
21:27:02,212 (main) DEBUG [DataNucleus.General] - Loading extension points and extensions from plug-in file jar:file:/D:/datos/Jessica/materias/sistemas/4to%20semestre/sisTrans/Proyecto2/bancAndes/lib/datanucleus-rdbms-5.1.10.jar!/plugin.xml.
21:27:02,244 (main) DEBUG [DataNucleus.MetaData] - Parsing MetaData file "file:/D:/datos/Jessica/materias/sistemas/4to%20semestre/sisTrans/Proyecto2/bancAndes/target/classes/META-INF/persistence.xml" using handler "persistence" (validation="false")
21:27:02,266 (main) DEBUG [DataNucleus.Persistence] - Java types support initialising ...
21:27:02,322 (main) DEBUG [DataNucleus.Persistence] - Java types support loaded : supported java types=[B, [C, [D, [F, [I, [J, [Ljava.lang.Boolean;, [Ljava.lang.Byte;, [Ljava.lang.Character;, [Ljava.lang.Double;, [Ljava.lang.Enum;, [Ljava.lang.Float;, [Ljava.lang.Integer;, [Ljava.lang.Long;, [Ljava.lang.Number;, [Ljava.lang.Object;, [Ljava.lang.Short;, [Ljava.lang.String;, [Ljava.math.BigDecimal;, [Ljava.math.BigInteger;, [Ljava.util.Date;, [Ljava.util.Locale;, [S, [Z, boolean, byte, char, double, float, int, java.awt.Color, java.awt.image.BufferedImage, java.lang.Boolean, java.lang.Byte, java.lang.Character, java.lang.Class, java.lang.Double, java.lang.Enum, java.lang.Float, java.lang.Integer, java.lang.Long, java.lang.Number, java.lang.Short, java.lang.String, java.lang.StringBuffer, java.lang.StringBuilder, java.math.BigDecimal, java.math.BigInteger, java.net.URI, java.net.URL, java.sql.Date, java.sql.Time, java.sql.Timestamp, java.time.Duration, java.time.Instant, java.time.LocalDate, java.time.LocalDateTime, java.time.LocalTime, java.time.MonthDay, java.time.OffsetDateTime, java.time.OffsetTime, java.time.Period, java.time.Year, java.time.YearMonth, java.time.ZonedDateTime, java.time.ZoneId, java.time.ZoneOffset, java.util.ArrayList, java.util.Arrays$ArrayList, java.util.BitSet, java.util.Calendar, java.util.Collection, java.util.Currency, java.util.Date, java.util.GregorianCalendar, java.util.HashMap, java.util.HashSet, java.util.Hashtable, java.util.LinkedHashMap, java.util.LinkedHashSet, java.util.LinkedList, java.util.List, java.util.Locale, java.util.Map, java.util.Optional, java.util.PriorityQueue, java.util.Properties, java.util.Queue, java.util.Set, java.util.SortedMap, java.util.SortedSet, java.util.Stack, java.util.TimeZone, java.util.TreeMap, java.util.TreeSet, java.util.UUID, java.util.Vector, long, short
21:27:02,323 (main) DEBUG [DataNucleus.Persistence] - Type converter support initialising ...
21:27:02,351 (main) DEBUG [DataNucleus.Persistence] - Type converter support loaded
21:27:02,352 (main) DEBUG [DataNucleus.Persistence] - TypeConverter(s) available for byte[] to : java.nio.ByteBuffer
21:27:02,352 (main) DEBUG [DataNucleus.Persistence] - TypeConverter(s) available for char[] to : java.nio.ByteBuffer
21:27:02,352 (main) DEBUG [DataNucleus.Persistence] - TypeConverter(s) available for double[] to : java.nio.ByteBuffer
21:27:02,353 (main) DEBUG [DataNucleus.Persistence] - TypeConverter(s) available for float[] to : java.nio.ByteBuffer
21:27:02,353 (main) DEBUG [DataNucleus.Persistence] - TypeConverter(s) available for int[] to : java.nio.ByteBuffer
21:27:02,353 (main) DEBUG [DataNucleus.Persistence] - TypeConverter(s) available for long[] to : java.nio.ByteBuffer
21:27:02,353 (main) DEBUG [DataNucleus.Persistence] - TypeConverter(s) available for [Ljava.math.BigDecimal; to : java.nio.ByteBuffer
21:27:02,353 (main) DEBUG [DataNucleus.Persistence] - TypeConverter(s) available for [Ljava.math.BigInteger; to : java.nio.ByteBuffer
21:27:02,353 (main) DEBUG [DataNucleus.Persistence] - TypeConverter(s) available for short[] to : java.nio.ByteBuffer
21:27:02,353 (main) DEBUG [DataNucleus.Persistence] - TypeConverter(s) available for boolean[] to : java.nio.ByteBuffer
21:27:02,353 (main) DEBUG [DataNucleus.Persistence] - TypeConverter(s) available for java.awt.Color to : int[],java.lang.String
21:27:02,353 (main) DEBUG [DataNucleus.Persistence] - TypeConverter(s) available for java.awt.image.BufferedImage to : byte[],java.nio.ByteBuffer
21:27:02,353 (main) DEBUG [DataNucleus.Persistence] - TypeConverter(s) available for java.io.Serializable to : java.lang.String,byte[],java.nio.ByteBuffer
21:27:02,353 (main) DEBUG [DataNucleus.Persistence] - TypeConverter(s) available for java.lang.Boolean to : java.lang.Character,java.lang.Integer
21:27:02,353 (main) DEBUG [DataNucleus.Persistence] - TypeConverter(s) available for java.lang.Character to : java.lang.String
21:27:02,354 (main) DEBUG [DataNucleus.Persistence] - TypeConverter(s) available for java.lang.Class to : java.lang.String
21:27:02,354 (main) DEBUG [DataNucleus.Persistence] - TypeConverter(s) available for java.lang.Integer to : java.lang.String
21:27:02,354 (main) DEBUG [DataNucleus.Persistence] - TypeConverter(s) available for java.lang.Long to : java.lang.String
21:27:02,354 (main) DEBUG [DataNucleus.Persistence] - TypeConverter(s) available for java.lang.StringBuffer to : java.lang.String
21:27:02,354 (main) DEBUG [DataNucleus.Persistence] - TypeConverter(s) available for java.lang.StringBuilder to : java.lang.String
21:27:02,354 (main) DEBUG [DataNucleus.Persistence] - TypeConverter(s) available for java.math.BigDecimal to : java.lang.String,java.lang.Double
21:27:02,354 (main) DEBUG [DataNucleus.Persistence] - TypeConverter(s) available for java.math.BigInteger to : java.lang.String,java.lang.Long
21:27:02,355 (main) DEBUG [DataNucleus.Persistence] - TypeConverter(s) available for java.net.URI to : java.lang.String
21:27:02,355 (main) DEBUG [DataNucleus.Persistence] - TypeConverter(s) available for java.net.URL to : java.lang.String
21:27:02,355 (main) DEBUG [DataNucleus.Persistence] - TypeConverter(s) available for java.sql.Date to : java.lang.String,java.util.Date,java.lang.Long
21:27:02,355 (main) DEBUG [DataNucleus.Persistence] - TypeConverter(s) available for java.sql.Time to : java.lang.String,java.util.Date,java.lang.Long
21:27:02,355 (main) DEBUG [DataNucleus.Persistence] - TypeConverter(s) available for java.sql.Timestamp to : java.lang.String,java.util.Date,java.lang.Long
21:27:02,355 (main) DEBUG [DataNucleus.Persistence] - TypeConverter(s) available for java.time.Duration to : java.lang.String,java.lang.Long,java.lang.Double
21:27:02,355 (main) DEBUG [DataNucleus.Persistence] - TypeConverter(s) available for java.time.Instant to : java.sql.Timestamp,java.lang.String,java.util.Date,java.lang.Long
21:27:02,356 (main) DEBUG [DataNucleus.Persistence] - TypeConverter(s) available for java.time.LocalDate to : java.lang.String,java.util.Date,java.sql.Date
21:27:02,356 (main) DEBUG [DataNucleus.Persistence] - TypeConverter(s) available for java.time.LocalDateTime to : java.lang.String,java.sql.Timestamp,java.util.Date
21:27:02,356 (main) DEBUG [DataNucleus.Persistence] - TypeConverter(s) available for java.time.LocalTime to : java.sql.Time,java.lang.String,java.util.Date,java.lang.Long
21:27:02,356 (main) DEBUG [DataNucleus.Persistence] - TypeConverter(s) available for java.time.MonthDay to : int[],java.lang.String,java.util.Date,java.sql.Date
21:27:02,357 (main) DEBUG [DataNucleus.Persistence] - TypeConverter(s) available for java.time.OffsetDateTime to : java.lang.String,java.sql.Timestamp,java.util.Date
21:27:02,357 (main) DEBUG [DataNucleus.Persistence] - TypeConverter(s) available for java.time.OffsetTime to : java.sql.Time,java.lang.String,java.lang.Long
21:27:02,357 (main) DEBUG [DataNucleus.Persistence] - TypeConverter(s) available for java.time.Period to : int[],java.lang.String
21:27:02,357 (main) DEBUG [DataNucleus.Persistence] - TypeConverter(s) available for java.time.Year to : java.lang.Integer,java.lang.String
21:27:02,357 (main) DEBUG [DataNucleus.Persistence] - TypeConverter(s) available for java.time.YearMonth to : int[],java.lang.String,java.util.Date,java.sql.Date
21:27:02,357 (main) DEBUG [DataNucleus.Persistence] - TypeConverter(s) available for java.time.ZonedDateTime to : java.lang.String,java.sql.Timestamp
21:27:02,357 (main) DEBUG [DataNucleus.Persistence] - TypeConverter(s) available for java.time.ZoneId to : java.lang.String
21:27:02,357 (main) DEBUG [DataNucleus.Persistence] - TypeConverter(s) available for java.time.ZoneOffset to : java.lang.String
21:27:02,357 (main) DEBUG [DataNucleus.Persistence] - TypeConverter(s) available for java.util.BitSet to : java.lang.String
21:27:02,357 (main) DEBUG [DataNucleus.Persistence] - TypeConverter(s) available for java.util.Calendar to : [Ljava.lang.Object;,java.lang.String,java.sql.Timestamp,java.util.Date
21:27:02,357 (main) DEBUG [DataNucleus.Persistence] - TypeConverter(s) available for java.util.Currency to : java.lang.String
21:27:02,357 (main) DEBUG [DataNucleus.Persistence] - TypeConverter(s) available for java.util.Date to : java.lang.String,java.lang.Long
21:27:02,357 (main) DEBUG [DataNucleus.Persistence] - TypeConverter(s) available for java.util.Locale to : java.lang.String
21:27:02,357 (main) DEBUG [DataNucleus.Persistence] - TypeConverter(s) available for java.util.TimeZone to : java.lang.String
21:27:02,358 (main) DEBUG [DataNucleus.Persistence] - TypeConverter(s) available for java.util.UUID to : java.lang.String
21:27:02,358 (main) DEBUG [DataNucleus.MetaData] - MetaDataManager : Input=(XML,Annotations), XML-Validation=false, XML-Suffices=(persistence=*.jdo, orm=orm, query=*.jdoquery) mapping-name=oracle, JDO-listener=false
21:27:02,358 (main) DEBUG [DataNucleus.MetaData] - MetaData Management : Loading Metadata for persistence-unit "BancAndes" ...
21:27:02,358 (main) DEBUG [DataNucleus.MetaData] - MetaData Management : Load of Metadata complete
21:27:02,361 (main) DEBUG [DataNucleus.Datastore] - Creating StoreManager for datastore
21:27:02,636 (main) DEBUG [DataNucleus.Connection] - Created ConnectionPool "tx" as data source using pooling type of dbcp2-builtin
21:27:02,637 (main) DEBUG [DataNucleus.Connection] - Registered transactional connection factory under name "rdbms/tx"
21:27:02,637 (main) DEBUG [DataNucleus.Connection] - Registered nontransactional connection factory under name "rdbms/nontx"
21:27:02,647 (main) DEBUG [DataNucleus.Connection] - Created ConnectionPool "nontx" as data source using pooling type of dbcp2-builtin
21:27:03,925 (main) DEBUG [DataNucleus.Connection] - ManagedConnection OPENED : "org.datanucleus.store.rdbms.ConnectionFactoryImpl$ManagedConnectionImpl@5dbe30be [conn=null, commitOnRelease=true, closeOnRelease=true, closeOnTxnEnd=true]" on resource "nontx"
21:27:04,407 (main) DEBUG [DataNucleus.Datastore] - Removing RDBMS support for Java type java.lang.Boolean, jdbc-type=BOOLEAN
21:27:04,408 (main) DEBUG [DataNucleus.Datastore] - RDBMS support configured for "[B" using jdbc-types=[BLOB, VARBINARY, LONGVARBINARY], sql-types=[BLOB, VARBINARY, LONGVARBINARY] with default (jdbc-type=BLOB, sql-type=BLOB)
21:27:04,409 (main) DEBUG [DataNucleus.Datastore] - RDBMS support configured for "java.io.File" using jdbc-types=[LONGVARBINARY], sql-types=[LONGVARBINARY] with default (jdbc-type=LONGVARBINARY, sql-type=LONGVARBINARY)
21:27:04,409 (main) DEBUG [DataNucleus.Datastore] - RDBMS support configured for "java.io.Serializable" using jdbc-types=[BLOB, VARBINARY, LONGVARBINARY], sql-types=[BLOB, VARBINARY, LONGVARBINARY] with default (jdbc-type=BLOB, sql-type=BLOB)
21:27:04,409 (main) DEBUG [DataNucleus.Datastore] - RDBMS support configured for "java.lang.Boolean" using jdbc-types=[NUMERIC, SMALLINT, CHAR, BIT, TINYINT], sql-types=[NUMERIC, SMALLINT, CHAR, BIT, TINYINT] with default (jdbc-type=NUMERIC, sql-type=NUMERIC)
21:27:04,410 (main) DEBUG [DataNucleus.Datastore] - RDBMS support configured for "java.lang.Byte" using jdbc-types=[NUMERIC, SMALLINT, TINYINT], sql-types=[NUMERIC, SMALLINT, TINYINT] with default (jdbc-type=NUMERIC, sql-type=NUMERIC)
21:27:04,410 (main) DEBUG [DataNucleus.Datastore] - RDBMS support configured for "java.lang.Character" using jdbc-types=[NUMERIC, CHAR, INTEGER], sql-types=[NUMERIC, CHAR, INTEGER] with default (jdbc-type=CHAR, sql-type=CHAR)
21:27:04,410 (main) DEBUG [DataNucleus.Datastore] - RDBMS support configured for "java.lang.Double" using jdbc-types=[FLOAT, NUMERIC, DECIMAL, DOUBLE], sql-types=[FLOAT, NUMBER, DECIMAL, DOUBLE] with default (jdbc-type=FLOAT, sql-type=FLOAT)
21:27:04,410 (main) DEBUG [DataNucleus.Datastore] - RDBMS support configured for "java.lang.Float" using jdbc-types=[FLOAT, NUMERIC, REAL, DECIMAL, DOUBLE], sql-types=[FLOAT, NUMBER, REAL, DECIMAL, DOUBLE] with default (jdbc-type=FLOAT, sql-type=FLOAT)
21:27:04,411 (main) DEBUG [DataNucleus.Datastore] - RDBMS support configured for "java.lang.Integer" using jdbc-types=[NUMERIC, SMALLINT, BIGINT, TINYINT, INTEGER], sql-types=[NUMERIC, NUMBER, SMALLINT, BIGINT, TINYINT, INTEGER] with default (jdbc-type=NUMERIC, sql-type=NUMERIC)
21:27:04,411 (main) DEBUG [DataNucleus.Datastore] - RDBMS support configured for "java.lang.Long" using jdbc-types=[NUMERIC, SMALLINT, BIGINT, TINYINT, INTEGER], sql-types=[NUMERIC, NUMBER, SMALLINT, BIGINT, INT, TINYINT] with default (jdbc-type=NUMERIC, sql-type=NUMERIC)
21:27:04,411 (main) DEBUG [DataNucleus.Datastore] - RDBMS support configured for "java.lang.Short" using jdbc-types=[NUMERIC, SMALLINT, TINYINT, INTEGER], sql-types=[NUMERIC, NUMBER, SMALLINT, TINYINT, INTEGER] with default (jdbc-type=NUMERIC, sql-type=NUMERIC)
21:27:04,411 (main) DEBUG [DataNucleus.Datastore] - RDBMS support configured for "java.lang.String" using jdbc-types=[XMLTYPE, BLOB, LONGVARCHAR, CLOB, VARCHAR, CHAR, BIGINT, NVARCHAR, NCHAR], sql-types=[NVARCHAR2, XMLTYPE, BLOB, LONGVARCHAR, CLOB, VARCHAR, CHAR, BIGINT, NVARCHAR, NCHAR] with default (jdbc-type=VARCHAR, sql-type=VARCHAR)
21:27:04,411 (main) DEBUG [DataNucleus.Datastore] - RDBMS support configured for "java.math.BigDecimal" using jdbc-types=[NUMERIC, DECIMAL], sql-types=[NUMERIC, NUMBER, DECIMAL] with default (jdbc-type=NUMERIC, sql-type=NUMERIC)
21:27:04,411 (main) DEBUG [DataNucleus.Datastore] - RDBMS support configured for "java.math.BigInteger" using jdbc-types=[NUMERIC], sql-types=[NUMERIC, NUMBER] with default (jdbc-type=NUMERIC, sql-type=NUMERIC)
21:27:04,411 (main) DEBUG [DataNucleus.Datastore] - RDBMS support configured for "java.sql.Date" using jdbc-types=[DATE, TIMESTAMP, VARCHAR, CHAR, BIGINT], sql-types=[DATE, TIMESTAMP, VARCHAR, CHAR, BIGINT] with default (jdbc-type=DATE, sql-type=DATE)
21:27:04,411 (main) DEBUG [DataNucleus.Datastore] - RDBMS support configured for "java.sql.Time" using jdbc-types=[TIMESTAMP, VARCHAR, CHAR, TIME, BIGINT], sql-types=[TIMESTAMP, VARCHAR, CHAR, TIME, BIGINT] with default (jdbc-type=TIME, sql-type=TIME)
21:27:04,411 (main) DEBUG [DataNucleus.Datastore] - RDBMS support configured for "java.sql.Timestamp" using jdbc-types=[DATE, TIMESTAMP, VARCHAR, CHAR, TIME], sql-types=[DATE, TIMESTAMP, VARCHAR, CHAR, TIME] with default (jdbc-type=TIMESTAMP, sql-type=TIMESTAMP)
21:27:04,412 (main) DEBUG [DataNucleus.Datastore] - RDBMS support configured for "java.util.Date" using jdbc-types=[DATE, TIMESTAMP, VARCHAR, CHAR, TIME, BIGINT], sql-types=[DATE, TIMESTAMP, VARCHAR, CHAR, TIME, BIGINT] with default (jdbc-type=TIMESTAMP, sql-type=TIMESTAMP)
21:27:04,412 (main) DEBUG [DataNucleus.Datastore] - RDBMS support configured for "org.datanucleus.identity.DatastoreId" using jdbc-types=[NUMERIC, VARCHAR, CHAR, BIGINT, INTEGER], sql-types=[NUMERIC, VARCHAR, CHAR, BIGINT, INTEGER] with default (jdbc-type=NUMERIC, sql-type=NUMERIC)
21:27:04,445 (main) DEBUG [DataNucleus.Datastore] - ======================= Datastore =========================
21:27:04,445 (main) DEBUG [DataNucleus.Datastore] - StoreManager : "rdbms" (org.datanucleus.store.rdbms.RDBMSStoreManager)
21:27:04,445 (main) DEBUG [DataNucleus.Datastore] - Datastore : read-write
21:27:04,445 (main) DEBUG [DataNucleus.Datastore] - Schema Control : AutoCreate(None), Validate(None)
21:27:04,445 (main) DEBUG [DataNucleus.Datastore] - Schema : NamingFactory=datanucleus2 identifierCase=null
21:27:04,445 (main) DEBUG [DataNucleus.Datastore] - Query Languages : JDOQL, JPQL, STOREDPROC, SQL
21:27:04,446 (main) DEBUG [DataNucleus.Datastore] - Queries : Timeout=0
21:27:04,446 (main) DEBUG [DataNucleus.Datastore] - ===========================================================
21:27:04,446 (main) DEBUG [DataNucleus.Datastore] - Datastore Adapter : org.datanucleus.store.rdbms.adapter.OracleAdapter
21:27:04,446 (main) DEBUG [DataNucleus.Datastore] - Datastore : name="Oracle" version="Oracle Database 19c Enterprise Edition Release 19.0.0.0.0 - Production"
21:27:04,446 (main) DEBUG [DataNucleus.Datastore] - Datastore Driver : name="Oracle JDBC driver" version="12.2.0.1.0"
21:27:04,446 (main) DEBUG [DataNucleus.Datastore] - Primary Connection Factory : URL[jdbc:oracle:thin:@fn4.oracle.virtual.uniandes.edu.co:1521/prod]
21:27:04,446 (main) DEBUG [DataNucleus.Datastore] - Secondary Connection Factory : URL[jdbc:oracle:thin:@fn4.oracle.virtual.uniandes.edu.co:1521/prod]
21:27:04,446 (main) DEBUG [DataNucleus.Datastore] - Datastore Identifiers : factory="datanucleus2" case=UPPERCASE schema=ISIS2304B22202120
21:27:04,446 (main) DEBUG [DataNucleus.Datastore] - Supported Identifier Cases : "MixedCase" UPPERCASE "MixedCase-Sensitive" 
21:27:04,447 (main) DEBUG [DataNucleus.Datastore] - Supported Identifier Lengths (max) : Table=128 Column=128 Constraint=128 Index=128 Delimiter="
21:27:04,447 (main) DEBUG [DataNucleus.Datastore] - Support for Identifiers in DDL : catalog=false schema=true
21:27:04,448 (main) DEBUG [DataNucleus.Datastore] - Datastore : checkTableViewExistence, rdbmsConstraintCreateMode=DataNucleus, initialiseColumnInfo=ALL
21:27:04,448 (main) DEBUG [DataNucleus.Datastore] - Support Statement Batching : yes (max-batch-size=50)
21:27:04,448 (main) DEBUG [DataNucleus.Datastore] - Queries : Results direction=forward, type=forward-only, concurrency=read-only
21:27:04,449 (main) DEBUG [DataNucleus.Datastore] - Java-Types : string-default-length=255
21:27:04,449 (main) DEBUG [DataNucleus.Datastore] - JDBC-Types : NCLOB, NCHAR, [id=2007], REF, CLOB, BLOB, ARRAY, STRUCT, DATE, TIME, TIMESTAMP, VARCHAR, LONGVARCHAR, VARBINARY, LONGVARBINARY, BIGINT, TINYINT, BIT, NVARCHAR, [id=-101], CHAR, [id=-103], NUMERIC, [id=-102], DECIMAL, INTEGER, SMALLINT, FLOAT, REAL, DOUBLE, [id=-104]
21:27:04,449 (main) DEBUG [DataNucleus.Datastore] - ===========================================================
21:27:04,449 (main) DEBUG [DataNucleus.Connection] - ManagedConnection CLOSED : "org.datanucleus.store.rdbms.ConnectionFactoryImpl$ManagedConnectionImpl@5dbe30be [conn=org.datanucleus.store.rdbms.datasource.dbcp2.PoolingDataSource$PoolGuardConnectionWrapper@6d868997, commitOnRelease=true, closeOnRelease=true, closeOnTxnEnd=true]"
21:27:04,451 (main) DEBUG [DataNucleus.Datastore] - StoreManager now created
21:27:04,455 (main) DEBUG [DataNucleus.Persistence] - Started pool of ExecutionContext (maxPool=20, reaperThread=false)
21:27:04,465 (main) DEBUG [DataNucleus.Persistence] - ================= NucleusContext ===============
21:27:04,465 (main) DEBUG [DataNucleus.Persistence] - DataNucleus Context : Version "5.1.10" with JRE "15.0.1" on "Windows 10"
21:27:04,465 (main) DEBUG [DataNucleus.Persistence] - Persistence API : JDO
21:27:04,465 (main) DEBUG [DataNucleus.Persistence] - Persistence-Unit : BancAndes
21:27:04,466 (main) DEBUG [DataNucleus.Persistence] - Plugin Registry : org.datanucleus.plugin.NonManagedPluginRegistry
21:27:04,466 (main) DEBUG [DataNucleus.Persistence] - ClassLoading : default
21:27:04,466 (main) DEBUG [DataNucleus.Persistence] - Persistence : pm-singlethreaded, nontransactional-read, nontransactional-write, reachability-at-commit, copy-on-attach, managed-relations(checked), deletion-policy=JDO2, serverTimeZone=America/Bogota
21:27:04,466 (main) DEBUG [DataNucleus.Persistence] - Transactions : type=RESOURCE_LOCAL, mode=datastore, isolation=read-committed
21:27:04,466 (main) DEBUG [DataNucleus.Persistence] - ValueGeneration : txn-isolation=read-committed connection=New
21:27:04,466 (main) DEBUG [DataNucleus.Persistence] - Cache : Level1 (soft), Level2 (soft, mode=UNSPECIFIED), QueryResults (soft), Collections/Maps 
21:27:04,466 (main) DEBUG [DataNucleus.Persistence] - ================================================
12:29:02,766 (main) DEBUG [DataNucleus.General] - Using PluginRegistry org.datanucleus.plugin.NonManagedPluginRegistry
12:29:02,969 (main) DEBUG [DataNucleus.General] - Registering bundle org.datanucleus.api.jdo version 5.1.7 at URL file:/D:/datos/Jessica/materias/sistemas/4to%20semestre/sisTrans/Proyecto2/bancAndes/lib/datanucleus-api-jdo-5.1.7.jar.
12:29:03,019 (main) DEBUG [DataNucleus.General] - Loading extension points and extensions from plug-in file jar:file:/D:/datos/Jessica/materias/sistemas/4to%20semestre/sisTrans/Proyecto2/bancAndes/lib/datanucleus-api-jdo-5.1.7.jar!/plugin.xml.
12:29:03,044 (main) DEBUG [DataNucleus.General] - Registering bundle org.datanucleus version 5.1.10 at URL file:/D:/datos/Jessica/materias/sistemas/4to%20semestre/sisTrans/Proyecto2/bancAndes/lib/datanucleus-core-5.1.10.jar.
12:29:03,050 (main) DEBUG [DataNucleus.General] - Loading extension points and extensions from plug-in file jar:file:/D:/datos/Jessica/materias/sistemas/4to%20semestre/sisTrans/Proyecto2/bancAndes/lib/datanucleus-core-5.1.10.jar!/plugin.xml.
12:29:03,070 (main) DEBUG [DataNucleus.General] - Registering bundle org.datanucleus.store.rdbms version 5.1.10 at URL file:/D:/datos/Jessica/materias/sistemas/4to%20semestre/sisTrans/Proyecto2/bancAndes/lib/datanucleus-rdbms-5.1.10.jar.
12:29:03,076 (main) DEBUG [DataNucleus.General] - Loading extension points and extensions from plug-in file jar:file:/D:/datos/Jessica/materias/sistemas/4to%20semestre/sisTrans/Proyecto2/bancAndes/lib/datanucleus-rdbms-5.1.10.jar!/plugin.xml.
12:29:03,138 (main) DEBUG [DataNucleus.MetaData] - Parsing MetaData file "file:/D:/datos/Jessica/materias/sistemas/4to%20semestre/sisTrans/Proyecto2/bancAndes/target/classes/META-INF/persistence.xml" using handler "persistence" (validation="false")
12:29:03,161 (main) DEBUG [DataNucleus.Persistence] - Java types support initialising ...
12:29:03,228 (main) DEBUG [DataNucleus.Persistence] - Java types support loaded : supported java types=[B, [C, [D, [F, [I, [J, [Ljava.lang.Boolean;, [Ljava.lang.Byte;, [Ljava.lang.Character;, [Ljava.lang.Double;, [Ljava.lang.Enum;, [Ljava.lang.Float;, [Ljava.lang.Integer;, [Ljava.lang.Long;, [Ljava.lang.Number;, [Ljava.lang.Object;, [Ljava.lang.Short;, [Ljava.lang.String;, [Ljava.math.BigDecimal;, [Ljava.math.BigInteger;, [Ljava.util.Date;, [Ljava.util.Locale;, [S, [Z, boolean, byte, char, double, float, int, java.awt.Color, java.awt.image.BufferedImage, java.lang.Boolean, java.lang.Byte, java.lang.Character, java.lang.Class, java.lang.Double, java.lang.Enum, java.lang.Float, java.lang.Integer, java.lang.Long, java.lang.Number, java.lang.Short, java.lang.String, java.lang.StringBuffer, java.lang.StringBuilder, java.math.BigDecimal, java.math.BigInteger, java.net.URI, java.net.URL, java.sql.Date, java.sql.Time, java.sql.Timestamp, java.time.Duration, java.time.Instant, java.time.LocalDate, java.time.LocalDateTime, java.time.LocalTime, java.time.MonthDay, java.time.OffsetDateTime, java.time.OffsetTime, java.time.Period, java.time.Year, java.time.YearMonth, java.time.ZonedDateTime, java.time.ZoneId, java.time.ZoneOffset, java.util.ArrayList, java.util.Arrays$ArrayList, java.util.BitSet, java.util.Calendar, java.util.Collection, java.util.Currency, java.util.Date, java.util.GregorianCalendar, java.util.HashMap, java.util.HashSet, java.util.Hashtable, java.util.LinkedHashMap, java.util.LinkedHashSet, java.util.LinkedList, java.util.List, java.util.Locale, java.util.Map, java.util.Optional, java.util.PriorityQueue, java.util.Properties, java.util.Queue, java.util.Set, java.util.SortedMap, java.util.SortedSet, java.util.Stack, java.util.TimeZone, java.util.TreeMap, java.util.TreeSet, java.util.UUID, java.util.Vector, long, short
12:29:03,228 (main) DEBUG [DataNucleus.Persistence] - Type converter support initialising ...
12:29:03,260 (main) DEBUG [DataNucleus.Persistence] - Type converter support loaded
12:29:03,261 (main) DEBUG [DataNucleus.Persistence] - TypeConverter(s) available for byte[] to : java.nio.ByteBuffer
12:29:03,261 (main) DEBUG [DataNucleus.Persistence] - TypeConverter(s) available for char[] to : java.nio.ByteBuffer
12:29:03,262 (main) DEBUG [DataNucleus.Persistence] - TypeConverter(s) available for double[] to : java.nio.ByteBuffer
12:29:03,262 (main) DEBUG [DataNucleus.Persistence] - TypeConverter(s) available for float[] to : java.nio.ByteBuffer
12:29:03,263 (main) DEBUG [DataNucleus.Persistence] - TypeConverter(s) available for int[] to : java.nio.ByteBuffer
12:29:03,263 (main) DEBUG [DataNucleus.Persistence] - TypeConverter(s) available for long[] to : java.nio.ByteBuffer
12:29:03,264 (main) DEBUG [DataNucleus.Persistence] - TypeConverter(s) available for [Ljava.math.BigDecimal; to : java.nio.ByteBuffer
12:29:03,266 (main) DEBUG [DataNucleus.Persistence] - TypeConverter(s) available for [Ljava.math.BigInteger; to : java.nio.ByteBuffer
12:29:03,268 (main) DEBUG [DataNucleus.Persistence] - TypeConverter(s) available for short[] to : java.nio.ByteBuffer
12:29:03,269 (main) DEBUG [DataNucleus.Persistence] - TypeConverter(s) available for boolean[] to : java.nio.ByteBuffer
12:29:03,270 (main) DEBUG [DataNucleus.Persistence] - TypeConverter(s) available for java.awt.Color to : int[],java.lang.String
12:29:03,271 (main) DEBUG [DataNucleus.Persistence] - TypeConverter(s) available for java.awt.image.BufferedImage to : byte[],java.nio.ByteBuffer
12:29:03,272 (main) DEBUG [DataNucleus.Persistence] - TypeConverter(s) available for java.io.Serializable to : java.lang.String,byte[],java.nio.ByteBuffer
12:29:03,272 (main) DEBUG [DataNucleus.Persistence] - TypeConverter(s) available for java.lang.Boolean to : java.lang.Character,java.lang.Integer
12:29:03,272 (main) DEBUG [DataNucleus.Persistence] - TypeConverter(s) available for java.lang.Character to : java.lang.String
12:29:03,272 (main) DEBUG [DataNucleus.Persistence] - TypeConverter(s) available for java.lang.Class to : java.lang.String
12:29:03,273 (main) DEBUG [DataNucleus.Persistence] - TypeConverter(s) available for java.lang.Integer to : java.lang.String
12:29:03,273 (main) DEBUG [DataNucleus.Persistence] - TypeConverter(s) available for java.lang.Long to : java.lang.String
12:29:03,274 (main) DEBUG [DataNucleus.Persistence] - TypeConverter(s) available for java.lang.StringBuffer to : java.lang.String
12:29:03,274 (main) DEBUG [DataNucleus.Persistence] - TypeConverter(s) available for java.lang.StringBuilder to : java.lang.String
12:29:03,274 (main) DEBUG [DataNucleus.Persistence] - TypeConverter(s) available for java.math.BigDecimal to : java.lang.String,java.lang.Double
12:29:03,274 (main) DEBUG [DataNucleus.Persistence] - TypeConverter(s) available for java.math.BigInteger to : java.lang.String,java.lang.Long
12:29:03,274 (main) DEBUG [DataNucleus.Persistence] - TypeConverter(s) available for java.net.URI to : java.lang.String
12:29:03,274 (main) DEBUG [DataNucleus.Persistence] - TypeConverter(s) available for java.net.URL to : java.lang.String
12:29:03,274 (main) DEBUG [DataNucleus.Persistence] - TypeConverter(s) available for java.sql.Date to : java.lang.String,java.util.Date,java.lang.Long
12:29:03,274 (main) DEBUG [DataNucleus.Persistence] - TypeConverter(s) available for java.sql.Time to : java.lang.String,java.util.Date,java.lang.Long
12:29:03,275 (main) DEBUG [DataNucleus.Persistence] - TypeConverter(s) available for java.sql.Timestamp to : java.lang.String,java.util.Date,java.lang.Long
12:29:03,275 (main) DEBUG [DataNucleus.Persistence] - TypeConverter(s) available for java.time.Duration to : java.lang.String,java.lang.Long,java.lang.Double
12:29:03,275 (main) DEBUG [DataNucleus.Persistence] - TypeConverter(s) available for java.time.Instant to : java.sql.Timestamp,java.lang.String,java.util.Date,java.lang.Long
12:29:03,275 (main) DEBUG [DataNucleus.Persistence] - TypeConverter(s) available for java.time.LocalDate to : java.lang.String,java.util.Date,java.sql.Date
12:29:03,275 (main) DEBUG [DataNucleus.Persistence] - TypeConverter(s) available for java.time.LocalDateTime to : java.lang.String,java.sql.Timestamp,java.util.Date
12:29:03,275 (main) DEBUG [DataNucleus.Persistence] - TypeConverter(s) available for java.time.LocalTime to : java.sql.Time,java.lang.String,java.util.Date,java.lang.Long
12:29:03,275 (main) DEBUG [DataNucleus.Persistence] - TypeConverter(s) available for java.time.MonthDay to : int[],java.lang.String,java.util.Date,java.sql.Date
12:29:03,275 (main) DEBUG [DataNucleus.Persistence] - TypeConverter(s) available for java.time.OffsetDateTime to : java.lang.String,java.sql.Timestamp,java.util.Date
12:29:03,275 (main) DEBUG [DataNucleus.Persistence] - TypeConverter(s) available for java.time.OffsetTime to : java.sql.Time,java.lang.String,java.lang.Long
12:29:03,275 (main) DEBUG [DataNucleus.Persistence] - TypeConverter(s) available for java.time.Period to : int[],java.lang.String
12:29:03,275 (main) DEBUG [DataNucleus.Persistence] - TypeConverter(s) available for java.time.Year to : java.lang.Integer,java.lang.String
12:29:03,275 (main) DEBUG [DataNucleus.Persistence] - TypeConverter(s) available for java.time.YearMonth to : int[],java.lang.String,java.util.Date,java.sql.Date
12:29:03,275 (main) DEBUG [DataNucleus.Persistence] - TypeConverter(s) available for java.time.ZonedDateTime to : java.lang.String,java.sql.Timestamp
12:29:03,276 (main) DEBUG [DataNucleus.Persistence] - TypeConverter(s) available for java.time.ZoneId to : java.lang.String
12:29:03,276 (main) DEBUG [DataNucleus.Persistence] - TypeConverter(s) available for java.time.ZoneOffset to : java.lang.String
12:29:03,276 (main) DEBUG [DataNucleus.Persistence] - TypeConverter(s) available for java.util.BitSet to : java.lang.String
12:29:03,276 (main) DEBUG [DataNucleus.Persistence] - TypeConverter(s) available for java.util.Calendar to : [Ljava.lang.Object;,java.lang.String,java.sql.Timestamp,java.util.Date
12:29:03,276 (main) DEBUG [DataNucleus.Persistence] - TypeConverter(s) available for java.util.Currency to : java.lang.String
12:29:03,276 (main) DEBUG [DataNucleus.Persistence] - TypeConverter(s) available for java.util.Date to : java.lang.String,java.lang.Long
12:29:03,276 (main) DEBUG [DataNucleus.Persistence] - TypeConverter(s) available for java.util.Locale to : java.lang.String
12:29:03,276 (main) DEBUG [DataNucleus.Persistence] - TypeConverter(s) available for java.util.TimeZone to : java.lang.String
12:29:03,276 (main) DEBUG [DataNucleus.Persistence] - TypeConverter(s) available for java.util.UUID to : java.lang.String
12:29:03,276 (main) DEBUG [DataNucleus.MetaData] - MetaDataManager : Input=(XML,Annotations), XML-Validation=false, XML-Suffices=(persistence=*.jdo, orm=orm, query=*.jdoquery) mapping-name=oracle, JDO-listener=false
12:29:03,277 (main) DEBUG [DataNucleus.MetaData] - MetaData Management : Loading Metadata for persistence-unit "BancAndes" ...
12:29:03,277 (main) DEBUG [DataNucleus.MetaData] - MetaData Management : Load of Metadata complete
12:29:03,282 (main) DEBUG [DataNucleus.Datastore] - Creating StoreManager for datastore
12:29:03,578 (main) DEBUG [DataNucleus.Connection] - Created ConnectionPool "tx" as data source using pooling type of dbcp2-builtin
12:29:03,578 (main) DEBUG [DataNucleus.Connection] - Registered transactional connection factory under name "rdbms/tx"
12:29:03,578 (main) DEBUG [DataNucleus.Connection] - Registered nontransactional connection factory under name "rdbms/nontx"
12:29:03,589 (main) DEBUG [DataNucleus.Connection] - Created ConnectionPool "nontx" as data source using pooling type of dbcp2-builtin
12:29:04,661 (main) DEBUG [DataNucleus.Connection] - ManagedConnection OPENED : "org.datanucleus.store.rdbms.ConnectionFactoryImpl$ManagedConnectionImpl@3f2ef586 [conn=null, commitOnRelease=true, closeOnRelease=true, closeOnTxnEnd=true]" on resource "nontx"
12:29:05,094 (main) DEBUG [DataNucleus.Datastore] - Removing RDBMS support for Java type java.lang.Boolean, jdbc-type=BOOLEAN
12:29:05,094 (main) DEBUG [DataNucleus.Datastore] - RDBMS support configured for "[B" using jdbc-types=[BLOB, VARBINARY, LONGVARBINARY], sql-types=[BLOB, VARBINARY, LONGVARBINARY] with default (jdbc-type=BLOB, sql-type=BLOB)
12:29:05,094 (main) DEBUG [DataNucleus.Datastore] - RDBMS support configured for "java.io.File" using jdbc-types=[LONGVARBINARY], sql-types=[LONGVARBINARY] with default (jdbc-type=LONGVARBINARY, sql-type=LONGVARBINARY)
12:29:05,094 (main) DEBUG [DataNucleus.Datastore] - RDBMS support configured for "java.io.Serializable" using jdbc-types=[BLOB, VARBINARY, LONGVARBINARY], sql-types=[BLOB, VARBINARY, LONGVARBINARY] with default (jdbc-type=BLOB, sql-type=BLOB)
12:29:05,094 (main) DEBUG [DataNucleus.Datastore] - RDBMS support configured for "java.lang.Boolean" using jdbc-types=[NUMERIC, SMALLINT, CHAR, BIT, TINYINT], sql-types=[NUMERIC, SMALLINT, CHAR, BIT, TINYINT] with default (jdbc-type=NUMERIC, sql-type=NUMERIC)
12:29:05,094 (main) DEBUG [DataNucleus.Datastore] - RDBMS support configured for "java.lang.Byte" using jdbc-types=[NUMERIC, SMALLINT, TINYINT], sql-types=[NUMERIC, SMALLINT, TINYINT] with default (jdbc-type=NUMERIC, sql-type=NUMERIC)
12:29:05,094 (main) DEBUG [DataNucleus.Datastore] - RDBMS support configured for "java.lang.Character" using jdbc-types=[NUMERIC, CHAR, INTEGER], sql-types=[NUMERIC, CHAR, INTEGER] with default (jdbc-type=CHAR, sql-type=CHAR)
12:29:05,094 (main) DEBUG [DataNucleus.Datastore] - RDBMS support configured for "java.lang.Double" using jdbc-types=[FLOAT, NUMERIC, DECIMAL, DOUBLE], sql-types=[FLOAT, NUMBER, DECIMAL, DOUBLE] with default (jdbc-type=FLOAT, sql-type=FLOAT)
12:29:05,094 (main) DEBUG [DataNucleus.Datastore] - RDBMS support configured for "java.lang.Float" using jdbc-types=[FLOAT, NUMERIC, REAL, DECIMAL, DOUBLE], sql-types=[FLOAT, NUMBER, REAL, DECIMAL, DOUBLE] with default (jdbc-type=FLOAT, sql-type=FLOAT)
12:29:05,095 (main) DEBUG [DataNucleus.Datastore] - RDBMS support configured for "java.lang.Integer" using jdbc-types=[NUMERIC, SMALLINT, BIGINT, TINYINT, INTEGER], sql-types=[NUMERIC, NUMBER, SMALLINT, BIGINT, TINYINT, INTEGER] with default (jdbc-type=NUMERIC, sql-type=NUMERIC)
12:29:05,095 (main) DEBUG [DataNucleus.Datastore] - RDBMS support configured for "java.lang.Long" using jdbc-types=[NUMERIC, SMALLINT, BIGINT, TINYINT, INTEGER], sql-types=[NUMERIC, NUMBER, SMALLINT, BIGINT, INT, TINYINT] with default (jdbc-type=NUMERIC, sql-type=NUMERIC)
12:29:05,095 (main) DEBUG [DataNucleus.Datastore] - RDBMS support configured for "java.lang.Short" using jdbc-types=[NUMERIC, SMALLINT, TINYINT, INTEGER], sql-types=[NUMERIC, NUMBER, SMALLINT, TINYINT, INTEGER] with default (jdbc-type=NUMERIC, sql-type=NUMERIC)
12:29:05,095 (main) DEBUG [DataNucleus.Datastore] - RDBMS support configured for "java.lang.String" using jdbc-types=[XMLTYPE, BLOB, LONGVARCHAR, CLOB, VARCHAR, CHAR, BIGINT, NVARCHAR, NCHAR], sql-types=[NVARCHAR2, XMLTYPE, BLOB, LONGVARCHAR, CLOB, VARCHAR, CHAR, BIGINT, NVARCHAR, NCHAR] with default (jdbc-type=VARCHAR, sql-type=VARCHAR)
12:29:05,095 (main) DEBUG [DataNucleus.Datastore] - RDBMS support configured for "java.math.BigDecimal" using jdbc-types=[NUMERIC, DECIMAL], sql-types=[NUMERIC, NUMBER, DECIMAL] with default (jdbc-type=NUMERIC, sql-type=NUMERIC)
12:29:05,096 (main) DEBUG [DataNucleus.Datastore] - RDBMS support configured for "java.math.BigInteger" using jdbc-types=[NUMERIC], sql-types=[NUMERIC, NUMBER] with default (jdbc-type=NUMERIC, sql-type=NUMERIC)
12:29:05,096 (main) DEBUG [DataNucleus.Datastore] - RDBMS support configured for "java.sql.Date" using jdbc-types=[DATE, TIMESTAMP, VARCHAR, CHAR, BIGINT], sql-types=[DATE, TIMESTAMP, VARCHAR, CHAR, BIGINT] with default (jdbc-type=DATE, sql-type=DATE)
12:29:05,096 (main) DEBUG [DataNucleus.Datastore] - RDBMS support configured for "java.sql.Time" using jdbc-types=[TIMESTAMP, VARCHAR, CHAR, TIME, BIGINT], sql-types=[TIMESTAMP, VARCHAR, CHAR, TIME, BIGINT] with default (jdbc-type=TIME, sql-type=TIME)
12:29:05,097 (main) DEBUG [DataNucleus.Datastore] - RDBMS support configured for "java.sql.Timestamp" using jdbc-types=[DATE, TIMESTAMP, VARCHAR, CHAR, TIME], sql-types=[DATE, TIMESTAMP, VARCHAR, CHAR, TIME] with default (jdbc-type=TIMESTAMP, sql-type=TIMESTAMP)
12:29:05,099 (main) DEBUG [DataNucleus.Datastore] - RDBMS support configured for "java.util.Date" using jdbc-types=[DATE, TIMESTAMP, VARCHAR, CHAR, TIME, BIGINT], sql-types=[DATE, TIMESTAMP, VARCHAR, CHAR, TIME, BIGINT] with default (jdbc-type=TIMESTAMP, sql-type=TIMESTAMP)
12:29:05,100 (main) DEBUG [DataNucleus.Datastore] - RDBMS support configured for "org.datanucleus.identity.DatastoreId" using jdbc-types=[NUMERIC, VARCHAR, CHAR, BIGINT, INTEGER], sql-types=[NUMERIC, VARCHAR, CHAR, BIGINT, INTEGER] with default (jdbc-type=NUMERIC, sql-type=NUMERIC)
12:29:05,121 (main) DEBUG [DataNucleus.Datastore] - ======================= Datastore =========================
12:29:05,121 (main) DEBUG [DataNucleus.Datastore] - StoreManager : "rdbms" (org.datanucleus.store.rdbms.RDBMSStoreManager)
12:29:05,121 (main) DEBUG [DataNucleus.Datastore] - Datastore : read-write
12:29:05,121 (main) DEBUG [DataNucleus.Datastore] - Schema Control : AutoCreate(None), Validate(None)
12:29:05,122 (main) DEBUG [DataNucleus.Datastore] - Schema : NamingFactory=datanucleus2 identifierCase=null
12:29:05,122 (main) DEBUG [DataNucleus.Datastore] - Query Languages : JDOQL, JPQL, STOREDPROC, SQL
12:29:05,122 (main) DEBUG [DataNucleus.Datastore] - Queries : Timeout=0
12:29:05,122 (main) DEBUG [DataNucleus.Datastore] - ===========================================================
12:29:05,122 (main) DEBUG [DataNucleus.Datastore] - Datastore Adapter : org.datanucleus.store.rdbms.adapter.OracleAdapter
12:29:05,122 (main) DEBUG [DataNucleus.Datastore] - Datastore : name="Oracle" version="Oracle Database 19c Enterprise Edition Release 19.0.0.0.0 - Production"
12:29:05,122 (main) DEBUG [DataNucleus.Datastore] - Datastore Driver : name="Oracle JDBC driver" version="12.2.0.1.0"
12:29:05,122 (main) DEBUG [DataNucleus.Datastore] - Primary Connection Factory : URL[jdbc:oracle:thin:@fn4.oracle.virtual.uniandes.edu.co:1521/prod]
12:29:05,122 (main) DEBUG [DataNucleus.Datastore] - Secondary Connection Factory : URL[jdbc:oracle:thin:@fn4.oracle.virtual.uniandes.edu.co:1521/prod]
12:29:05,122 (main) DEBUG [DataNucleus.Datastore] - Datastore Identifiers : factory="datanucleus2" case=UPPERCASE schema=ISIS2304B22202120
12:29:05,122 (main) DEBUG [DataNucleus.Datastore] - Supported Identifier Cases : "MixedCase" UPPERCASE "MixedCase-Sensitive" 
12:29:05,123 (main) DEBUG [DataNucleus.Datastore] - Supported Identifier Lengths (max) : Table=128 Column=128 Constraint=128 Index=128 Delimiter="
12:29:05,123 (main) DEBUG [DataNucleus.Datastore] - Support for Identifiers in DDL : catalog=false schema=true
12:29:05,123 (main) DEBUG [DataNucleus.Datastore] - Datastore : checkTableViewExistence, rdbmsConstraintCreateMode=DataNucleus, initialiseColumnInfo=ALL
12:29:05,123 (main) DEBUG [DataNucleus.Datastore] - Support Statement Batching : yes (max-batch-size=50)
12:29:05,123 (main) DEBUG [DataNucleus.Datastore] - Queries : Results direction=forward, type=forward-only, concurrency=read-only
12:29:05,123 (main) DEBUG [DataNucleus.Datastore] - Java-Types : string-default-length=255
12:29:05,123 (main) DEBUG [DataNucleus.Datastore] - JDBC-Types : NCLOB, NCHAR, [id=2007], REF, CLOB, BLOB, ARRAY, STRUCT, DATE, TIME, TIMESTAMP, VARCHAR, LONGVARCHAR, VARBINARY, LONGVARBINARY, BIGINT, TINYINT, BIT, NVARCHAR, [id=-101], CHAR, [id=-103], NUMERIC, [id=-102], DECIMAL, INTEGER, SMALLINT, FLOAT, REAL, DOUBLE, [id=-104]
12:29:05,124 (main) DEBUG [DataNucleus.Datastore] - ===========================================================
12:29:05,124 (main) DEBUG [DataNucleus.Connection] - ManagedConnection CLOSED : "org.datanucleus.store.rdbms.ConnectionFactoryImpl$ManagedConnectionImpl@3f2ef586 [conn=org.datanucleus.store.rdbms.datasource.dbcp2.PoolingDataSource$PoolGuardConnectionWrapper@15515c51, commitOnRelease=true, closeOnRelease=true, closeOnTxnEnd=true]"
12:29:05,124 (main) DEBUG [DataNucleus.Datastore] - StoreManager now created
12:29:05,127 (main) DEBUG [DataNucleus.Persistence] - Started pool of ExecutionContext (maxPool=20, reaperThread=false)
12:29:05,146 (main) DEBUG [DataNucleus.Persistence] - ================= NucleusContext ===============
12:29:05,146 (main) DEBUG [DataNucleus.Persistence] - DataNucleus Context : Version "5.1.10" with JRE "15.0.1" on "Windows 10"
12:29:05,147 (main) DEBUG [DataNucleus.Persistence] - Persistence API : JDO
12:29:05,148 (main) DEBUG [DataNucleus.Persistence] - Persistence-Unit : BancAndes
12:29:05,148 (main) DEBUG [DataNucleus.Persistence] - Plugin Registry : org.datanucleus.plugin.NonManagedPluginRegistry
12:29:05,148 (main) DEBUG [DataNucleus.Persistence] - ClassLoading : default
12:29:05,148 (main) DEBUG [DataNucleus.Persistence] - Persistence : pm-singlethreaded, nontransactional-read, nontransactional-write, reachability-at-commit, copy-on-attach, managed-relations(checked), deletion-policy=JDO2, serverTimeZone=America/Bogota
12:29:05,148 (main) DEBUG [DataNucleus.Persistence] - Transactions : type=RESOURCE_LOCAL, mode=datastore, isolation=read-committed
12:29:05,148 (main) DEBUG [DataNucleus.Persistence] - ValueGeneration : txn-isolation=read-committed connection=New
12:29:05,149 (main) DEBUG [DataNucleus.Persistence] - Cache : Level1 (soft), Level2 (soft, mode=UNSPECIFIED), QueryResults (soft), Collections/Maps 
12:29:05,149 (main) DEBUG [DataNucleus.Persistence] - ================================================
