11:42:05,711 (AWT-EventQueue-0) INFO  [uniandes.isis2304.parranderos.negocio.Parranderos] - Limpiando la BD de Parranderos
11:42:05,809 (AWT-EventQueue-0) INFO  [uniandes.isis2304.parranderos.persistencia.PersistenciaParranderos] - Borrada la base de datos
11:42:05,810 (AWT-EventQueue-0) INFO  [uniandes.isis2304.parranderos.negocio.Parranderos] - Limpiando la BD de Parranderos: Listo!
17:49:19,884 (main) INFO  [uniandes.isis2304.parranderos.interfazApp.InterfazParranderosApp] - Se encontró un archivo de configuración válido: Interfaz
17:49:19,884 (main) INFO  [uniandes.isis2304.parranderos.interfazApp.InterfazParranderosApp] - Se aplica configuración indicada en el archivo de configuración
17:49:19,896 (main) INFO  [uniandes.isis2304.parranderos.interfazApp.InterfazParranderosApp] - Se encontró un archivo de configuración válido: Tablas BD
15:31:00,702 (main) INFO  [uniandes.isis2304.parranderos.interfazApp.InterfazParranderosApp] - Se encontró un archivo de configuración válido: Interfaz
15:31:00,712 (main) INFO  [uniandes.isis2304.parranderos.interfazApp.InterfazParranderosApp] - Se aplica configuración indicada en el archivo de configuración
15:31:00,747 (main) INFO  [uniandes.isis2304.parranderos.interfazApp.InterfazParranderosApp] - Se encontró un archivo de configuración válido: Tablas BD
17:19:11,850 (AWT-EventQueue-0) INFO  [uniandes.isis2304.parranderos.negocio.Parranderos] - Buscando Tipo de bebida por nombre: cavernet
17:20:30,581 (AWT-EventQueue-0) INFO  [uniandes.isis2304.parranderos.negocio.Parranderos] - Buscando Tipo de bebida por nombre: cavernet
17:23:10,093 (AWT-EventQueue-0) INFO  [uniandes.isis2304.parranderos.negocio.Parranderos] - Buscando Tipo de bebida por nombre: cavernet
19:18:50,254 (main) INFO  [uniandes.isis2304.bancAndes.interfazApp.InterfazBancAndesApp] - Se encontró un archivo de configuración válido: Interfaz
19:18:50,255 (main) INFO  [uniandes.isis2304.bancAndes.interfazApp.InterfazBancAndesApp] - Se aplica configuración indicada en el archivo de configuración
19:18:50,285 (main) INFO  [uniandes.isis2304.bancAndes.interfazApp.InterfazBancAndesApp] - Se encontró un archivo de configuración válido: Tablas BD
19:23:42,076 (main) INFO  [uniandes.isis2304.bancAndes.interfazApp.InterfazBancAndesApp] - Se encontró un archivo de configuración válido: Interfaz
19:23:42,077 (main) INFO  [uniandes.isis2304.bancAndes.interfazApp.InterfazBancAndesApp] - Se aplica configuración indicada en el archivo de configuración
19:23:42,107 (main) INFO  [uniandes.isis2304.bancAndes.interfazApp.InterfazBancAndesApp] - Se encontró un archivo de configuración válido: Tablas BD
19:27:11,694 (main) INFO  [uniandes.isis2304.bancAndes.interfazApp.InterfazBancAndesApp] - Se encontró un archivo de configuración válido: Interfaz
19:27:11,694 (main) INFO  [uniandes.isis2304.bancAndes.interfazApp.InterfazBancAndesApp] - Se aplica configuración indicada en el archivo de configuración
19:27:11,722 (main) INFO  [uniandes.isis2304.bancAndes.interfazApp.InterfazBancAndesApp] - Se encontró un archivo de configuración válido: Tablas BD
19:30:42,923 (main) INFO  [uniandes.isis2304.bancAndes.interfazApp.InterfazBancAndesApp] - Se encontró un archivo de configuración válido: Interfaz
19:30:42,924 (main) INFO  [uniandes.isis2304.bancAndes.interfazApp.InterfazBancAndesApp] - Se aplica configuración indicada en el archivo de configuración
19:30:42,950 (main) INFO  [uniandes.isis2304.bancAndes.interfazApp.InterfazBancAndesApp] - Se encontró un archivo de configuración válido: Tablas BD
19:31:55,910 (main) INFO  [uniandes.isis2304.bancAndes.interfazApp.InterfazBancAndesApp] - Se encontró un archivo de configuración válido: Interfaz
19:31:55,911 (main) INFO  [uniandes.isis2304.bancAndes.interfazApp.InterfazBancAndesApp] - Se aplica configuración indicada en el archivo de configuración
19:31:55,937 (main) INFO  [uniandes.isis2304.bancAndes.interfazApp.InterfazBancAndesApp] - Se encontró un archivo de configuración válido: Tablas BD
19:34:01,087 (main) INFO  [uniandes.isis2304.bancAndes.interfazApp.InterfazBancAndesApp] - Se encontró un archivo de configuración válido: Interfaz
19:34:01,088 (main) INFO  [uniandes.isis2304.bancAndes.interfazApp.InterfazBancAndesApp] - Se aplica configuración indicada en el archivo de configuración
19:34:01,112 (main) INFO  [uniandes.isis2304.bancAndes.interfazApp.InterfazBancAndesApp] - Se encontró un archivo de configuración válido: Tablas BD
19:46:30,603 (main) INFO  [uniandes.isis2304.bancAndes.interfazApp.InterfazBancAndesApp] - Se encontró un archivo de configuración válido: Interfaz
19:46:30,604 (main) INFO  [uniandes.isis2304.bancAndes.interfazApp.InterfazBancAndesApp] - Se aplica configuración indicada en el archivo de configuración
19:46:30,629 (main) INFO  [uniandes.isis2304.bancAndes.interfazApp.InterfazBancAndesApp] - Se encontró un archivo de configuración válido: Tablas BD
19:47:17,468 (main) INFO  [uniandes.isis2304.bancAndes.interfazApp.InterfazBancAndesApp] - Se encontró un archivo de configuración válido: Interfaz
19:47:17,469 (main) INFO  [uniandes.isis2304.bancAndes.interfazApp.InterfazBancAndesApp] - Se aplica configuración indicada en el archivo de configuración
19:47:17,492 (main) INFO  [uniandes.isis2304.bancAndes.interfazApp.InterfazBancAndesApp] - Se encontró un archivo de configuración válido: Tablas BD
19:48:07,038 (main) INFO  [uniandes.isis2304.bancAndes.interfazApp.InterfazBancAndesApp] - Se encontró un archivo de configuración válido: Interfaz
19:48:07,039 (main) INFO  [uniandes.isis2304.bancAndes.interfazApp.InterfazBancAndesApp] - Se aplica configuración indicada en el archivo de configuración
19:48:07,071 (main) INFO  [uniandes.isis2304.bancAndes.interfazApp.InterfazBancAndesApp] - Se encontró un archivo de configuración válido: Tablas BD
20:53:25,707 (main) INFO  [uniandes.isis2304.bancAndes.interfazApp.InterfazBancAndesApp] - Se encontró un archivo de configuración válido: Interfaz
20:53:25,709 (main) INFO  [uniandes.isis2304.bancAndes.interfazApp.InterfazBancAndesApp] - Se aplica configuración indicada en el archivo de configuración
20:53:25,745 (main) INFO  [uniandes.isis2304.bancAndes.interfazApp.InterfazBancAndesApp] - Se encontró un archivo de configuración válido: Tablas BD
20:54:32,562 (AWT-EventQueue-0) INFO  [uniandes.isis2304.bancAndes.negocio.BancAndes] - Adicionando Usuario: x
20:54:33,041 (AWT-EventQueue-0) ERROR [uniandes.isis2304.bancAndes.persistencia.PersistenciaBancAndes] - Exception : Error executing SQL query "INSERT INTO Usuario( login, palabra_Clave, rol, nombre, tipo_Doc_Identificacion, numero_Doc_Identificacion, direccion_Fisica, direccion_Electronica, telefono, nacionalidad, ciudad, departamento, codigo_Postal, bancAndes) values (?, ?, ?, ?, ?, ?, ?, ?, ?, ?, ?, ?, ?, ?)".
ORA-02291: integrity constraint (ISIS2304B22202120.USUARIO_FK) violated - parent key not found

20:54:33,106 (AWT-EventQueue-0) INFO  [uniandes.isis2304.bancAndes.negocio.BancAndes] - Adicionando usuario: null
21:02:18,085 (AWT-EventQueue-0) INFO  [uniandes.isis2304.bancAndes.negocio.BancAndes] - Adicionando Usuario: xa
21:06:46,022 (AWT-EventQueue-0) INFO  [uniandes.isis2304.bancAndes.negocio.BancAndes] - Adicionando usuario: Usuario [login=xa, palabra_Clave=x, rol=Cliente, nombre=x, tipo_Doc_Identificacion=C.C., numero_Doc_Identificacion=1009, direccion_Fisica=x, direccion_Electronica=x, telefono=1099, nacionalidad=x, ciudad=x, departamento=x, coigo_Postal=1009, bancAndes=BancAndes]
21:27:01,974 (main) INFO  [uniandes.isis2304.bancAndes.interfazApp.InterfazBancAndesApp] - Se encontró un archivo de configuración válido: Interfaz
21:27:01,975 (main) INFO  [uniandes.isis2304.bancAndes.interfazApp.InterfazBancAndesApp] - Se aplica configuración indicada en el archivo de configuración
21:27:02,000 (main) INFO  [uniandes.isis2304.bancAndes.interfazApp.InterfazBancAndesApp] - Se encontró un archivo de configuración válido: Tablas BD
12:29:02,594 (main) INFO  [uniandes.isis2304.bancAndes.interfazApp.InterfazBancAndesApp] - Se encontró un archivo de configuración válido: Interfaz
12:29:02,595 (main) INFO  [uniandes.isis2304.bancAndes.interfazApp.InterfazBancAndesApp] - Se aplica configuración indicada en el archivo de configuración
12:29:02,619 (main) INFO  [uniandes.isis2304.bancAndes.interfazApp.InterfazBancAndesApp] - Se encontró un archivo de configuración válido: Tablas BD
